<?xml version="1.0" encoding="UTF-8"?>
<!-- Generated by org.testng.reporters.JUnitReportReporter -->
<testsuite hostname="DESKTOP-Q987UGQ" failures="0" tests="6" name="WebTest" time="50.052" errors="0" timestamp="14 sij 2021 14:44:44 GMT" skipped="0">
  <testcase classname="WebTest" name="testBodyDisplayed" time="3.311"/>
  <testcase classname="WebTest" name="testSearchBox" time="11.409"/>
  <testcase classname="WebTest" name="testAutoComplete" time="12.613"/>
  <testcase classname="WebTest" name="testDropDownButton" time="10.189"/>
  <testcase classname="WebTest" name="testQuickViewButton" time="8.573"/>
  <testcase classname="WebTest" name="testAddToCartButton" time="3.957"/>
</testsuite> <!-- WebTest -->
